
> offcorss_us_login@1.0.0 start /home/ubuntu/offcorss_us
> nodemon

[33m[nodemon] 1.11.0[39m
[33m[nodemon] to restart at any time, enter `rs`[39m
[33m[nodemon] watching: *.*[39m
[32m[nodemon] starting `node server.js`[39m
events.js:160
      throw er; // Unhandled 'error' event
      ^

Error: EBADF: bad file descriptor, read
    at Error (native)

npm ERR! Linux 4.4.0-1013-aws
npm ERR! argv "/usr/local/bin/node" "/usr/local/bin/npm" "start"
npm ERR! node v6.11.0
npm ERR! npm  v3.10.10
npm ERR! code ELIFECYCLE
npm ERR! offcorss_us_login@1.0.0 start: `nodemon`
npm ERR! Exit status 1
npm ERR! 
npm ERR! Failed at the offcorss_us_login@1.0.0 start script 'nodemon'.
npm ERR! Make sure you have the latest version of node.js and npm installed.
npm ERR! If you do, this is most likely a problem with the offcorss_us_login package,
npm ERR! not with npm itself.
npm ERR! Tell the author that this fails on your system:
npm ERR!     nodemon
npm ERR! You can get information on how to open an issue for this project with:
npm ERR!     npm bugs offcorss_us_login
npm ERR! Or if that isn't available, you can get their info via:
npm ERR!     npm owner ls offcorss_us_login
npm ERR! There is likely additional logging output above.

npm ERR! Please include the following file with any support request:
npm ERR!     /home/ubuntu/offcorss_us/npm-debug.log
App listening on port 3000
Error: Failed to lookup view "index" in views directory "/home/ubuntu/offcorss_us/views"
    at EventEmitter.render (/home/ubuntu/offcorss_us/node_modules/express/lib/application.js:580:17)
    at ServerResponse.render (/home/ubuntu/offcorss_us/node_modules/express/lib/response.js:971:7)
    at /home/ubuntu/offcorss_us/server.js:15:9
    at Layer.handle [as handle_request] (/home/ubuntu/offcorss_us/node_modules/express/lib/router/layer.js:95:5)
    at trim_prefix (/home/ubuntu/offcorss_us/node_modules/express/lib/router/index.js:317:13)
    at /home/ubuntu/offcorss_us/node_modules/express/lib/router/index.js:284:7
    at Function.process_params (/home/ubuntu/offcorss_us/node_modules/express/lib/router/index.js:335:12)
    at Immediate.next (/home/ubuntu/offcorss_us/node_modules/express/lib/router/index.js:275:10)
    at Immediate.<anonymous> (/home/ubuntu/offcorss_us/node_modules/express/lib/router/index.js:635:15)
    at runCallback (timers.js:674:20)
    at tryOnImmediate (timers.js:645:5)
    at processImmediate [as _immediateCallback] (timers.js:617:5)
Error: Failed to lookup view "index" in views directory "/home/ubuntu/offcorss_us/views"
    at EventEmitter.render (/home/ubuntu/offcorss_us/node_modules/express/lib/application.js:580:17)
    at ServerResponse.render (/home/ubuntu/offcorss_us/node_modules/express/lib/response.js:971:7)
    at /home/ubuntu/offcorss_us/server.js:15:9
    at Layer.handle [as handle_request] (/home/ubuntu/offcorss_us/node_modules/express/lib/router/layer.js:95:5)
    at trim_prefix (/home/ubuntu/offcorss_us/node_modules/express/lib/router/index.js:317:13)
    at /home/ubuntu/offcorss_us/node_modules/express/lib/router/index.js:284:7
    at Function.process_params (/home/ubuntu/offcorss_us/node_modules/express/lib/router/index.js:335:12)
    at next (/home/ubuntu/offcorss_us/node_modules/express/lib/router/index.js:275:10)
    at SendStream.error (/home/ubuntu/offcorss_us/node_modules/serve-static/index.js:121:7)
    at emitOne (events.js:96:13)
    at SendStream.emit (events.js:188:7)
    at SendStream.error (/home/ubuntu/offcorss_us/node_modules/send/index.js:282:17)
    at SendStream.onStatError (/home/ubuntu/offcorss_us/node_modules/send/index.js:433:12)
    at onstat (/home/ubuntu/offcorss_us/node_modules/send/index.js:734:26)
    at FSReqWrap.oncomplete (fs.js:123:15)

> offcorss_us_login@1.0.0 start /home/ubuntu/offcorss_us
> nodemon

[33m[nodemon] 1.11.0[39m
[33m[nodemon] to restart at any time, enter `rs`[39m
[33m[nodemon] watching: *.*[39m
[32m[nodemon] starting `node server.js`[39m
events.js:160
      throw er; // Unhandled 'error' event
      ^

Error: EBADF: bad file descriptor, read
    at Error (native)

npm ERR! Linux 4.4.0-1013-aws
npm ERR! argv "/usr/local/bin/node" "/usr/local/bin/npm" "start"
npm ERR! node v6.11.0
npm ERR! npm  v3.10.10
npm ERR! code ELIFECYCLE
npm ERR! offcorss_us_login@1.0.0 start: `nodemon`
npm ERR! Exit status 1
npm ERR! 
npm ERR! Failed at the offcorss_us_login@1.0.0 start script 'nodemon'.
npm ERR! Make sure you have the latest version of node.js and npm installed.
npm ERR! If you do, this is most likely a problem with the offcorss_us_login package,
npm ERR! not with npm itself.
npm ERR! Tell the author that this fails on your system:
npm ERR!     nodemon
npm ERR! You can get information on how to open an issue for this project with:
npm ERR!     npm bugs offcorss_us_login
npm ERR! Or if that isn't available, you can get their info via:
npm ERR!     npm owner ls offcorss_us_login
npm ERR! There is likely additional logging output above.

npm ERR! Please include the following file with any support request:
npm ERR!     /home/ubuntu/offcorss_us/npm-debug.log
App listening on port 3000
(node:29680) DeprecationWarning: `open()` is deprecated in mongoose >= 4.11.0, use `openUri()` instead, or set the `useMongoClient` option if using `connect()` or `createConnection()`. See http://mongoosejs.com/docs/connections.html#use-mongo-client
Fri, 07 Jul 2017 12:19:39 GMT express deprecated res.send(status): Use res.sendStatus(status) instead at routes/registerUS.js:27:17

> offcorss_us_login@1.0.0 start /home/ubuntu/offcorss_us
> nodemon

[33m[nodemon] 1.11.0[39m
[33m[nodemon] to restart at any time, enter `rs`[39m
[33m[nodemon] watching: *.*[39m
[32m[nodemon] starting `node server.js`[39m
events.js:160
      throw er; // Unhandled 'error' event
      ^

Error: EBADF: bad file descriptor, read
    at Error (native)

npm ERR! Linux 4.4.0-1013-aws
npm ERR! argv "/usr/local/bin/node" "/usr/local/bin/npm" "start"
npm ERR! node v6.11.0
npm ERR! npm  v3.10.10
npm ERR! code ELIFECYCLE
npm ERR! offcorss_us_login@1.0.0 start: `nodemon`
npm ERR! Exit status 1
npm ERR! 
npm ERR! Failed at the offcorss_us_login@1.0.0 start script 'nodemon'.
npm ERR! Make sure you have the latest version of node.js and npm installed.
npm ERR! If you do, this is most likely a problem with the offcorss_us_login package,
npm ERR! not with npm itself.
npm ERR! Tell the author that this fails on your system:
npm ERR!     nodemon
npm ERR! You can get information on how to open an issue for this project with:
npm ERR!     npm bugs offcorss_us_login
npm ERR! Or if that isn't available, you can get their info via:
npm ERR!     npm owner ls offcorss_us_login
npm ERR! There is likely additional logging output above.

npm ERR! Please include the following file with any support request:
npm ERR!     /home/ubuntu/offcorss_us/npm-debug.log
App listening on port 3000
(node:29734) DeprecationWarning: `open()` is deprecated in mongoose >= 4.11.0, use `openUri()` instead, or set the `useMongoClient` option if using `connect()` or `createConnection()`. See http://mongoosejs.com/docs/connections.html#use-mongo-client
Fri, 07 Jul 2017 12:21:42 GMT express deprecated res.send(status): Use res.sendStatus(status) instead at routes/registerUS.js:27:17

> offcorss_us_login@1.0.0 start /home/ubuntu/offcorss_us
> nodemon

[33m[nodemon] 1.11.0[39m
[33m[nodemon] to restart at any time, enter `rs`[39m
[33m[nodemon] watching: *.*[39m
[32m[nodemon] starting `node server.js`[39m
events.js:160
      throw er; // Unhandled 'error' event
      ^

Error: EBADF: bad file descriptor, read
    at Error (native)

npm ERR! Linux 4.4.0-1013-aws
npm ERR! argv "/usr/local/bin/node" "/usr/local/bin/npm" "start"
npm ERR! node v6.11.0
npm ERR! npm  v3.10.10
npm ERR! code ELIFECYCLE
npm ERR! offcorss_us_login@1.0.0 start: `nodemon`
npm ERR! Exit status 1
npm ERR! 
npm ERR! Failed at the offcorss_us_login@1.0.0 start script 'nodemon'.
npm ERR! Make sure you have the latest version of node.js and npm installed.
npm ERR! If you do, this is most likely a problem with the offcorss_us_login package,
npm ERR! not with npm itself.
npm ERR! Tell the author that this fails on your system:
npm ERR!     nodemon
npm ERR! You can get information on how to open an issue for this project with:
npm ERR!     npm bugs offcorss_us_login
npm ERR! Or if that isn't available, you can get their info via:
npm ERR!     npm owner ls offcorss_us_login
npm ERR! There is likely additional logging output above.

npm ERR! Please include the following file with any support request:
npm ERR!     /home/ubuntu/offcorss_us/npm-debug.log
App listening on port 3000

> offcorss_us_login@1.0.0 start /home/ubuntu/offcorss_us
> nodemon

[33m[nodemon] 1.11.0[39m
[33m[nodemon] to restart at any time, enter `rs`[39m
[33m[nodemon] watching: *.*[39m
[32m[nodemon] starting `node server.js`[39m
events.js:160
      throw er; // Unhandled 'error' event
      ^

Error: EBADF: bad file descriptor, read
    at Error (native)

npm ERR! Linux 4.4.0-1013-aws
npm ERR! argv "/usr/local/bin/node" "/usr/local/bin/npm" "start"
npm ERR! node v6.11.0
npm ERR! npm  v3.10.10
npm ERR! code ELIFECYCLE
npm ERR! offcorss_us_login@1.0.0 start: `nodemon`
npm ERR! Exit status 1
npm ERR! 
npm ERR! Failed at the offcorss_us_login@1.0.0 start script 'nodemon'.
npm ERR! Make sure you have the latest version of node.js and npm installed.
npm ERR! If you do, this is most likely a problem with the offcorss_us_login package,
npm ERR! not with npm itself.
npm ERR! Tell the author that this fails on your system:
npm ERR!     nodemon
npm ERR! You can get information on how to open an issue for this project with:
npm ERR!     npm bugs offcorss_us_login
npm ERR! Or if that isn't available, you can get their info via:
npm ERR!     npm owner ls offcorss_us_login
npm ERR! There is likely additional logging output above.

npm ERR! Please include the following file with any support request:
npm ERR!     /home/ubuntu/offcorss_us/npm-debug.log
App listening on port 3000

> offcorss_us_login@1.0.0 start /home/ubuntu/offcorss_us
> nodemon

[33m[nodemon] 1.11.0[39m
[33m[nodemon] to restart at any time, enter `rs`[39m
[33m[nodemon] watching: *.*[39m
[32m[nodemon] starting `node server.js`[39m
events.js:160
      throw er; // Unhandled 'error' event
      ^

Error: EBADF: bad file descriptor, read
    at Error (native)

npm ERR! Linux 4.4.0-1022-aws
npm ERR! argv "/usr/local/bin/node" "/usr/local/bin/npm" "start"
npm ERR! node v6.11.0
npm ERR! npm  v3.10.10
npm ERR! code ELIFECYCLE
npm ERR! offcorss_us_login@1.0.0 start: `nodemon`
npm ERR! Exit status 1
npm ERR! 
npm ERR! Failed at the offcorss_us_login@1.0.0 start script 'nodemon'.
npm ERR! Make sure you have the latest version of node.js and npm installed.
npm ERR! If you do, this is most likely a problem with the offcorss_us_login package,
npm ERR! not with npm itself.
npm ERR! Tell the author that this fails on your system:
npm ERR!     nodemon
npm ERR! You can get information on how to open an issue for this project with:
npm ERR!     npm bugs offcorss_us_login
npm ERR! Or if that isn't available, you can get their info via:
npm ERR!     npm owner ls offcorss_us_login
npm ERR! There is likely additional logging output above.

npm ERR! Please include the following file with any support request:
npm ERR!     /home/ubuntu/offcorss_us/npm-debug.log
App listening on port 3000

> offcorss_us_login@1.0.0 start /home/ubuntu/offcorss_us
> nodemon

[33m[nodemon] 1.11.0[39m
[33m[nodemon] to restart at any time, enter `rs`[39m
[33m[nodemon] watching: *.*[39m
[32m[nodemon] starting `node server.js`[39m
events.js:160
      throw er; // Unhandled 'error' event
      ^

Error: EBADF: bad file descriptor, read
    at Error (native)

npm ERR! Linux 4.4.0-1022-aws
npm ERR! argv "/usr/local/bin/node" "/usr/local/bin/npm" "start"
npm ERR! node v6.11.0
npm ERR! npm  v3.10.10
npm ERR! code ELIFECYCLE
npm ERR! offcorss_us_login@1.0.0 start: `nodemon`
npm ERR! Exit status 1
npm ERR! 
npm ERR! Failed at the offcorss_us_login@1.0.0 start script 'nodemon'.
npm ERR! Make sure you have the latest version of node.js and npm installed.
npm ERR! If you do, this is most likely a problem with the offcorss_us_login package,
npm ERR! not with npm itself.
npm ERR! Tell the author that this fails on your system:
npm ERR!     nodemon
npm ERR! You can get information on how to open an issue for this project with:
npm ERR!     npm bugs offcorss_us_login
npm ERR! Or if that isn't available, you can get their info via:
npm ERR!     npm owner ls offcorss_us_login
npm ERR! There is likely additional logging output above.

npm ERR! Please include the following file with any support request:
npm ERR!     /home/ubuntu/offcorss_us/npm-debug.log
App listening on port 3000

> offcorss_us_login@1.0.0 start /home/ubuntu/offcorss_us
> nodemon

[33m[nodemon] 1.11.0[39m
[33m[nodemon] to restart at any time, enter `rs`[39m
[33m[nodemon] watching: *.*[39m
[32m[nodemon] starting `node server.js`[39m
events.js:160
      throw er; // Unhandled 'error' event
      ^

Error: EBADF: bad file descriptor, read
    at Error (native)

npm ERR! Linux 4.4.0-1022-aws
npm ERR! argv "/usr/local/bin/node" "/usr/local/bin/npm" "start"
npm ERR! node v6.11.0
npm ERR! npm  v3.10.10
npm ERR! code ELIFECYCLE
npm ERR! offcorss_us_login@1.0.0 start: `nodemon`
npm ERR! Exit status 1
npm ERR! 
npm ERR! Failed at the offcorss_us_login@1.0.0 start script 'nodemon'.
npm ERR! Make sure you have the latest version of node.js and npm installed.
npm ERR! If you do, this is most likely a problem with the offcorss_us_login package,
npm ERR! not with npm itself.
npm ERR! Tell the author that this fails on your system:
npm ERR!     nodemon
npm ERR! You can get information on how to open an issue for this project with:
npm ERR!     npm bugs offcorss_us_login
npm ERR! Or if that isn't available, you can get their info via:
npm ERR!     npm owner ls offcorss_us_login
npm ERR! There is likely additional logging output above.

npm ERR! Please include the following file with any support request:
npm ERR!     /home/ubuntu/offcorss_us/npm-debug.log
App listening on port 3000
