0 info it worked if it ends with ok
<<<<<<< HEAD
1 verbose cli [ '/usr/local/bin/node', '/usr/local/bin/npm', 'start' ]
2 info using npm@3.10.10
3 info using node@v6.11.0
4 verbose run-script [ 'prestart', 'start', 'poststart' ]
5 info lifecycle offcorss_us_login@1.0.0~prestart: offcorss_us_login@1.0.0
6 silly lifecycle offcorss_us_login@1.0.0~prestart: no script for prestart, continuing
7 info lifecycle offcorss_us_login@1.0.0~start: offcorss_us_login@1.0.0
8 verbose lifecycle offcorss_us_login@1.0.0~start: unsafe-perm in lifecycle true
9 verbose lifecycle offcorss_us_login@1.0.0~start: PATH: /usr/local/lib/node_modules/npm/bin/node-gyp-bin:/home/ubuntu/offcorss_us/node_modules/.bin:/usr/local/sbin:/usr/local/bin:/usr/sbin:/usr/bin:/sbin:/bin:/usr/games:/usr/local/games
10 verbose lifecycle offcorss_us_login@1.0.0~start: CWD: /home/ubuntu/offcorss_us
11 silly lifecycle offcorss_us_login@1.0.0~start: Args: [ '-c', 'nodemon' ]
12 silly lifecycle offcorss_us_login@1.0.0~start: Returned: code: 1  signal: null
13 info lifecycle offcorss_us_login@1.0.0~start: Failed to exec start script
14 verbose stack Error: offcorss_us_login@1.0.0 start: `nodemon`
14 verbose stack Exit status 1
14 verbose stack     at EventEmitter.<anonymous> (/usr/local/lib/node_modules/npm/lib/utils/lifecycle.js:255:16)
14 verbose stack     at emitTwo (events.js:106:13)
14 verbose stack     at EventEmitter.emit (events.js:191:7)
14 verbose stack     at ChildProcess.<anonymous> (/usr/local/lib/node_modules/npm/lib/utils/spawn.js:40:14)
14 verbose stack     at emitTwo (events.js:106:13)
14 verbose stack     at ChildProcess.emit (events.js:191:7)
14 verbose stack     at maybeClose (internal/child_process.js:891:16)
14 verbose stack     at Process.ChildProcess._handle.onexit (internal/child_process.js:226:5)
15 verbose pkgid offcorss_us_login@1.0.0
16 verbose cwd /home/ubuntu/offcorss_us
17 error Linux 4.4.0-1022-aws
18 error argv "/usr/local/bin/node" "/usr/local/bin/npm" "start"
19 error node v6.11.0
20 error npm  v3.10.10
21 error code ELIFECYCLE
22 error offcorss_us_login@1.0.0 start: `nodemon`
22 error Exit status 1
23 error Failed at the offcorss_us_login@1.0.0 start script 'nodemon'.
23 error Make sure you have the latest version of node.js and npm installed.
23 error If you do, this is most likely a problem with the offcorss_us_login package,
23 error not with npm itself.
23 error Tell the author that this fails on your system:
23 error     nodemon
23 error You can get information on how to open an issue for this project with:
23 error     npm bugs offcorss_us_login
23 error Or if that isn't available, you can get their info via:
23 error     npm owner ls offcorss_us_login
23 error There is likely additional logging output above.
24 verbose exit [ 1, true ]
=======
1 verbose cli [ 'C:\\Program Files\\nodejs\\node.exe',
1 verbose cli   'C:\\Program Files\\nodejs\\node_modules\\npm\\bin\\npm-cli.js',
1 verbose cli   'start' ]
2 info using npm@1.3.21
3 info using node@v6.11.0
4 verbose run-script [ 'prestart', 'start', 'poststart' ]
5 info prestart offcorss_us_login@1.0.0
6 info start offcorss_us_login@1.0.0
7 verbose unsafe-perm in lifecycle true
8 info offcorss_us_login@1.0.0 Failed to exec start script
9 error offcorss_us_login@1.0.0 start: `nodemon`
9 error Exit status 1
10 error Failed at the offcorss_us_login@1.0.0 start script.
10 error This is most likely a problem with the offcorss_us_login package,
10 error not with npm itself.
10 error Tell the author that this fails on your system:
10 error     nodemon
10 error You can get their info via:
10 error     npm owner ls offcorss_us_login
10 error There is likely additional logging output above.
11 error System Windows_NT 10.0.16199
12 error command "C:\\Program Files\\nodejs\\node.exe" "C:\\Program Files\\nodejs\\node_modules\\npm\\bin\\npm-cli.js" "start"
13 error cwd C:\Users\aleja\OneDrive\Documentos\BASE16\OFFCORSS\Vtex\US Site\Registration-F
14 error node -v v6.11.0
15 error npm -v 1.3.21
16 error code ELIFECYCLE
17 verbose exit [ 1, true ]
>>>>>>> 766f5416e84a9e3a7c2dd12687b70e0ea05b3ca7
