0 info it worked if it ends with ok
1 verbose cli [ 'C:\\Program Files\\nodejs\\node.exe',
1 verbose cli   'C:\\Program Files\\nodejs\\node_modules\\npm\\bin\\npm-cli.js',
1 verbose cli   'start' ]
2 info using npm@1.3.21
3 info using node@v6.11.0
4 error Error: ENOENT: no such file or directory, open 'C:\Users\aleja\OneDrive\Documentos\BASE16\OFFCORSS\Vtex\US Site\Registration-F\public\package.json'
4 error     at Error (native)
5 error If you need help, you may report this *entire* log,
5 error including the npm and node versions, at:
5 error     <http://github.com/isaacs/npm/issues>
6 error System Windows_NT 10.0.16199
7 error command "C:\\Program Files\\nodejs\\node.exe" "C:\\Program Files\\nodejs\\node_modules\\npm\\bin\\npm-cli.js" "start"
8 error cwd C:\Users\aleja\OneDrive\Documentos\BASE16\OFFCORSS\Vtex\US Site\Registration-F\public
9 error node -v v6.11.0
10 error npm -v 1.3.21
11 error path C:\Users\aleja\OneDrive\Documentos\BASE16\OFFCORSS\Vtex\US Site\Registration-F\public\package.json
12 error syscall open
13 error code ENOENT
14 error errno -4058
15 verbose exit [ -4058, true ]
